{"level":"info","message":"MongoDB connected successfully","service":"ride-pooling-service","timestamp":"2026-02-17 17:19:19"}
{"level":"info","message":"Database: RidePoolingDB","service":"ride-pooling-service","timestamp":"2026-02-17 17:19:19"}
{"level":"info","message":"\nSmart Airport Ride Pooling Backend Server              \nEnvironment: development                                \nPort: 3000                                              \nAPI Version: v1                                         \n      ","service":"ride-pooling-service","timestamp":"2026-02-17 17:19:19"}
{"level":"info","message":"MongoDB connected successfully","service":"ride-pooling-service","timestamp":"2026-02-17 17:19:23"}
{"level":"info","message":"Database: RidePoolingDB","service":"ride-pooling-service","timestamp":"2026-02-17 17:19:23"}
{"level":"info","message":"\nSmart Airport Ride Pooling Backend Server              \nEnvironment: development                                \nPort: 3000                                              \nAPI Version: v1                                         \n      ","service":"ride-pooling-service","timestamp":"2026-02-17 17:19:23"}
{"level":"info","message":"MongoDB connected successfully","service":"ride-pooling-service","timestamp":"2026-02-17 17:19:29"}
{"level":"info","message":"Database: RidePoolingDB","service":"ride-pooling-service","timestamp":"2026-02-17 17:19:29"}
{"level":"info","message":"\nSmart Airport Ride Pooling Backend Server              \nEnvironment: development                                \nPort: 3000                                              \nAPI Version: v1                                         \n      ","service":"ride-pooling-service","timestamp":"2026-02-17 17:19:29"}
{"level":"info","message":"MongoDB connected successfully","service":"ride-pooling-service","timestamp":"2026-02-17 17:22:12"}
{"level":"info","message":"Database: RidePoolingDB","service":"ride-pooling-service","timestamp":"2026-02-17 17:22:12"}
{"level":"info","message":"\nSmart Airport Ride Pooling Backend Server              \nEnvironment: development                                \nPort: 3000                                              \nAPI Version: v1                                         \n      ","service":"ride-pooling-service","timestamp":"2026-02-17 17:22:12"}
{"level":"info","message":"SIGINT received. Starting graceful shutdown...","service":"ride-pooling-service","timestamp":"2026-02-17 17:22:39"}
{"level":"info","message":"MongoDB connected successfully","service":"ride-pooling-service","timestamp":"2026-02-17 17:51:41"}
{"level":"info","message":"Database: RidePoolingDB","service":"ride-pooling-service","timestamp":"2026-02-17 17:51:41"}
{"level":"info","message":"\nSmart Airport Ride Pooling Backend Server              \nEnvironment: development                                \nPort: 3000                                              \nAPI Version: v1                                         \n      ","service":"ride-pooling-service","timestamp":"2026-02-17 17:51:41"}
{"level":"info","message":"MongoDB connected successfully","service":"ride-pooling-service","timestamp":"2026-02-17 17:58:19"}
{"level":"info","message":"Database: RidePoolingDB","service":"ride-pooling-service","timestamp":"2026-02-17 17:58:19"}
{"level":"info","message":"\nSmart Airport Ride Pooling Backend Server              \nEnvironment: development                                \nPort: 3000                                              \nAPI Version: v1                                         \n      ","service":"ride-pooling-service","timestamp":"2026-02-17 17:58:19"}
{"level":"info","message":"MongoDB connected successfully","service":"ride-pooling-service","timestamp":"2026-02-17 18:03:41"}
{"level":"info","message":"Database: RidePoolingDB","service":"ride-pooling-service","timestamp":"2026-02-17 18:03:41"}
{"level":"info","message":"\nSmart Airport Ride Pooling Backend Server              \nEnvironment: development                                \nPort: 3000                                              \nAPI Version: v1                                         \n      ","service":"ride-pooling-service","timestamp":"2026-02-17 18:03:41"}
{"level":"info","message":"MongoDB connected successfully","service":"ride-pooling-service","timestamp":"2026-02-17 18:03:48"}
{"level":"info","message":"Database: RidePoolingDB","service":"ride-pooling-service","timestamp":"2026-02-17 18:03:48"}
{"level":"info","message":"\nSmart Airport Ride Pooling Backend Server              \nEnvironment: development                                \nPort: 3000                                              \nAPI Version: v1                                         \n      ","service":"ride-pooling-service","timestamp":"2026-02-17 18:03:48"}
{"level":"info","message":"MongoDB connected successfully","service":"ride-pooling-service","timestamp":"2026-02-17 18:03:53"}
{"level":"info","message":"Database: RidePoolingDB","service":"ride-pooling-service","timestamp":"2026-02-17 18:03:53"}
{"level":"info","message":"\nSmart Airport Ride Pooling Backend Server              \nEnvironment: development                                \nPort: 3000                                              \nAPI Version: v1                                         \n      ","service":"ride-pooling-service","timestamp":"2026-02-17 18:03:53"}
{"level":"info","message":"MongoDB connected successfully","service":"ride-pooling-service","timestamp":"2026-02-17 18:03:58"}
{"level":"info","message":"Database: RidePoolingDB","service":"ride-pooling-service","timestamp":"2026-02-17 18:03:58"}
{"level":"info","message":"\nSmart Airport Ride Pooling Backend Server              \nEnvironment: development                                \nPort: 3000                                              \nAPI Version: v1                                         \n      ","service":"ride-pooling-service","timestamp":"2026-02-17 18:03:58"}
{"level":"info","message":"MongoDB connected successfully","service":"ride-pooling-service","timestamp":"2026-02-17 18:04:02"}
{"level":"info","message":"Database: RidePoolingDB","service":"ride-pooling-service","timestamp":"2026-02-17 18:04:02"}
{"level":"info","message":"\nSmart Airport Ride Pooling Backend Server              \nEnvironment: development                                \nPort: 3000                                              \nAPI Version: v1                                         \n      ","service":"ride-pooling-service","timestamp":"2026-02-17 18:04:02"}
{"level":"info","message":"MongoDB connected successfully","service":"ride-pooling-service","timestamp":"2026-02-17 18:04:05"}
{"level":"info","message":"Database: RidePoolingDB","service":"ride-pooling-service","timestamp":"2026-02-17 18:04:05"}
{"level":"info","message":"\nSmart Airport Ride Pooling Backend Server              \nEnvironment: development                                \nPort: 3000                                              \nAPI Version: v1                                         \n      ","service":"ride-pooling-service","timestamp":"2026-02-17 18:04:05"}
{"level":"info","message":"MongoDB connected successfully","service":"ride-pooling-service","timestamp":"2026-02-17 18:04:07"}
{"level":"info","message":"Database: RidePoolingDB","service":"ride-pooling-service","timestamp":"2026-02-17 18:04:07"}
{"level":"info","message":"\nSmart Airport Ride Pooling Backend Server              \nEnvironment: development                                \nPort: 3000                                              \nAPI Version: v1                                         \n      ","service":"ride-pooling-service","timestamp":"2026-02-17 18:04:07"}
{"level":"info","message":"MongoDB connected successfully","service":"ride-pooling-service","timestamp":"2026-02-17 18:04:09"}
{"level":"info","message":"Database: RidePoolingDB","service":"ride-pooling-service","timestamp":"2026-02-17 18:04:09"}
{"level":"info","message":"\nSmart Airport Ride Pooling Backend Server              \nEnvironment: development                                \nPort: 3000                                              \nAPI Version: v1                                         \n      ","service":"ride-pooling-service","timestamp":"2026-02-17 18:04:09"}
{"level":"info","message":"MongoDB connected successfully","service":"ride-pooling-service","timestamp":"2026-02-17 18:04:12"}
{"level":"info","message":"Database: RidePoolingDB","service":"ride-pooling-service","timestamp":"2026-02-17 18:04:12"}
{"level":"info","message":"\nSmart Airport Ride Pooling Backend Server              \nEnvironment: development                                \nPort: 3000                                              \nAPI Version: v1                                         \n      ","service":"ride-pooling-service","timestamp":"2026-02-17 18:04:12"}
{"level":"info","message":"MongoDB connected successfully","service":"ride-pooling-service","timestamp":"2026-02-17 18:04:15"}
{"level":"info","message":"Database: RidePoolingDB","service":"ride-pooling-service","timestamp":"2026-02-17 18:04:15"}
{"level":"info","message":"\nSmart Airport Ride Pooling Backend Server              \nEnvironment: development                                \nPort: 3000                                              \nAPI Version: v1                                         \n      ","service":"ride-pooling-service","timestamp":"2026-02-17 18:04:15"}
{"level":"info","message":"MongoDB connected successfully","service":"ride-pooling-service","timestamp":"2026-02-17 18:04:20"}
{"level":"info","message":"Database: RidePoolingDB","service":"ride-pooling-service","timestamp":"2026-02-17 18:04:20"}
{"level":"info","message":"\nSmart Airport Ride Pooling Backend Server              \nEnvironment: development                                \nPort: 3000                                              \nAPI Version: v1                                         \n      ","service":"ride-pooling-service","timestamp":"2026-02-17 18:04:20"}
{"level":"info","message":"MongoDB connected successfully","service":"ride-pooling-service","timestamp":"2026-02-17 18:04:22"}
{"level":"info","message":"Database: RidePoolingDB","service":"ride-pooling-service","timestamp":"2026-02-17 18:04:22"}
{"level":"info","message":"\nSmart Airport Ride Pooling Backend Server              \nEnvironment: development                                \nPort: 3000                                              \nAPI Version: v1                                         \n      ","service":"ride-pooling-service","timestamp":"2026-02-17 18:04:22"}
{"level":"info","message":"MongoDB connected successfully","service":"ride-pooling-service","timestamp":"2026-02-17 18:04:23"}
{"level":"info","message":"Database: RidePoolingDB","service":"ride-pooling-service","timestamp":"2026-02-17 18:04:23"}
{"level":"info","message":"\nSmart Airport Ride Pooling Backend Server              \nEnvironment: development                                \nPort: 3000                                              \nAPI Version: v1                                         \n      ","service":"ride-pooling-service","timestamp":"2026-02-17 18:04:23"}
{"level":"info","message":"MongoDB connected successfully","service":"ride-pooling-service","timestamp":"2026-02-17 18:15:07"}
{"level":"info","message":"Database: RidePoolingDB","service":"ride-pooling-service","timestamp":"2026-02-17 18:15:07"}
{"level":"info","message":"\nSmart Airport Ride Pooling Backend Server              \nEnvironment: development                                \nPort: 3000                                              \nAPI Version: v1                                         \n      ","service":"ride-pooling-service","timestamp":"2026-02-17 18:15:07"}
{"level":"info","message":"SIGINT received. Starting graceful shutdown...","service":"ride-pooling-service","timestamp":"2026-02-17 18:15:24"}
{"level":"info","message":"MongoDB connected successfully","service":"ride-pooling-service","timestamp":"2026-02-17 18:28:37"}
{"level":"info","message":"Database: RidePoolingDB","service":"ride-pooling-service","timestamp":"2026-02-17 18:28:37"}
{"level":"info","message":"\nSmart Airport Ride Pooling Backend Server              \nEnvironment: development                                \nPort: 3000                                              \nAPI Version: v1                                         \n      ","service":"ride-pooling-service","timestamp":"2026-02-17 18:28:37"}
{"level":"error","message":"db already exists with different case already have: [ridePoolingDB] trying to create [RidePoolingDB]","method":"POST","service":"ride-pooling-service","stack":"MongoServerError: db already exists with different case already have: [ridePoolingDB] trying to create [RidePoolingDB]\n    at InsertOneOperation.handleOk (C:\\Users\\ASUS\\Desktop\\ride-pooling-backend\\node_modules\\mongodb\\lib\\operations\\insert.js:51:19)\n    at tryOperation (C:\\Users\\ASUS\\Desktop\\ride-pooling-backend\\node_modules\\mongodb\\lib\\operations\\execute_operation.js:214:34)\n    at process.processTicksAndRejections (node:internal/process/task_queues:105:5)\n    at async executeOperation (C:\\Users\\ASUS\\Desktop\\ride-pooling-backend\\node_modules\\mongodb\\lib\\operations\\execute_operation.js:78:16)\n    at async Collection.insertOne (C:\\Users\\ASUS\\Desktop\\ride-pooling-backend\\node_modules\\mongodb\\lib\\collection.js:154:16)","timestamp":"2026-02-17 18:29:39","url":"/api/v1/auth/register"}
{"level":"info","message":"MongoDB connected successfully","service":"ride-pooling-service","timestamp":"2026-02-17 19:06:31"}
{"level":"info","message":"Database: ridePoolingDB","service":"ride-pooling-service","timestamp":"2026-02-17 19:06:31"}
{"level":"info","message":"\nSmart Airport Ride Pooling Backend Server              \nEnvironment: development                                \nPort: 3000                                              \nAPI Version: v1                                         \n      ","service":"ride-pooling-service","timestamp":"2026-02-17 19:06:31"}
{"level":"info","message":"SIGINT received. Starting graceful shutdown...","service":"ride-pooling-service","timestamp":"2026-02-17 19:06:40"}
{"level":"info","message":"MongoDB connected successfully","service":"ride-pooling-service","timestamp":"2026-02-17 19:06:46"}
{"level":"info","message":"Database: ridePoolingDB","service":"ride-pooling-service","timestamp":"2026-02-17 19:06:46"}
{"level":"info","message":"\nSmart Airport Ride Pooling Backend Server              \nEnvironment: development                                \nPort: 3000                                              \nAPI Version: v1                                         \n      ","service":"ride-pooling-service","timestamp":"2026-02-17 19:06:46"}
{"level":"info","message":"New user registered: shreyamohanme@gmail.com","service":"ride-pooling-service","timestamp":"2026-02-17 19:06:57"}
{"level":"info","message":"User logged in: shreyamohanme@gmail.com","service":"ride-pooling-service","timestamp":"2026-02-17 19:08:00"}
{"level":"info","message":"Ride request created: 69946fb4d9f69653b4035bde","service":"ride-pooling-service","timestamp":"2026-02-17 19:10:04"}
